Clus run example
****************

Date: 11/05/2023, 17:00
File: example.out
Attributes: 6 (input: 3, output: 3)
Missing values: No

[General]
Verbose = 1
RandomSeed = 0
ResourceInfoLoaded = No
DoNotInduce = No
LoggingProperties = logging.properties

[Data]
File = example.arff
TestSet = None
PruneSet = None
XVal = 10
RemoveMissingTarget = No
NormalizeData = None

[Attributes]
Target = 4-6
Clustering = 4-6
Descriptive = 1-3
Key = None
Disable = None
Weights = Normalize
ClusteringWeights = 1.0
ReduceMemoryNominalAttrs = No
GIS = None

[Constraints]
Syntactic = None
MaxSize = Infinity
MaxError = 0.0
MaxDepth = Infinity

[Nominal]
MEstimate = 1.0

[Model]
MinimalWeight = 2.0
MinimalNumberExamples = 0
MinimalKnownWeight = 0.0
ParamTuneNumberFolds = 3
NominalSubsetTests = Yes
LoadFromModelFile = No

[Tree]
Heuristic = VarianceReduction
HeuristicComplexity = N2
SetDistance = GSMDistance
TupleDistance = Euclidean
TSDistance = DTW
PruningMethod = Default
FTest = 1.0
BinarySplit = Yes
ConvertToRules = No
AlternativeSplits = No
Optimize = []
MSENominal = No
SplitSampling = None
MissingClusteringAttrHandling = EstimateFromParentNode
MissingTargetAttrHandling = ParentNode
InductionOrder = DepthFirst
EntropyType = StandardEntropy
ConsiderUnlableInstancesInIGCalc = No
SpatialMatrix = Binary
SpatialMeasure = GlobalMoran
Bandwidth = 0.001
Longlat = No
NumNeightbours = 0.0
Alpha = 1.0
SplitPosition = Exact

[Multilabel]
MLCThreshold = 0.5
OptimizeThresholds = No
MultiLabelRankingMeasure = [HammingLoss]
ShowThresholds = Yes

[Ensemble]
Iterations = 10
TimeBudget = 0
EnsembleMethod = RForest
EnsembleBootstrapping = Yes
VotingType = ProbabilityDistribution
SelectRandomSubspaces = 2
ROSTargetSubspaceSize = SQRT
ROSAlgorithmType = Disabled
ROSVotingType = SubspaceAveraging
PrintAllModels = No
PrintAllModelFiles = No
PrintAllModelInfo = No
PrintPaths = No
Optimize = No
OOBestimate = No
FeatureRanking = [Genie3]
FeatureRankingPerTarget = No
SymbolicWeight = 0.5
SortRankingByRelevance = Yes
WriteEnsemblePredictions = No
EnsembleRandomDepth = No
BagSelection = -1
BagSize = 0
NumberOfThreads = 1

[SemiSupervised]
SemiSupervisedMethod = PCT
StoppingCriteria = NoneAdded
UnlabeledCriteria = Threshold
ConfidenceThreshold = 0.8
ConfidenceMeasure = Variance
Iterations = 10
K = 5
UnlabeledData = 
PercentageLabeled = 5
UseWeights = No
AirbagTrials = 0
ExhaustiveSearchThresholds = [0.5,0.6,0.7,0.8,0.9,0.99]
OOBErrorCalculation = LabeledOnly
Normalization = MinMaxNormalization
Aggregation = Average
CalibrateHmcThreshold = No
PruningWhenTuning = No
InternalFolds = 5
WeightScoresFile = NO
PossibleWeights = [0.0,0.1,0.2,0.3,0.4,0.5,0.6,0.7,0.8,0.9,1.0]
IterationsSupervisionOptimisation = 0
ForceInternalXValOptimisation = No
ImputeMissingTargetValues = No
InternalFold = -1
ProceedToMain = Yes

[Output]
ShowModels = [Default, Pruned, Others]
TrainErrors = Yes
ValidErrors = Yes
TestErrors = Yes
AllFoldModels = Yes
AllFoldErrors = No
AllFoldDatasets = No
UnknownFrequency = No
BranchFrequency = No
ShowInfo = [Count]
PrintModelAndExamples = No
WriteErrorFile = No
WriteModelFile = No
WritePerBagModelFile = Yes
WriteOOBFile = Yes
WritePredictions = []
GzipOutput = No
ModelIDFiles = No
WriteCurves = No
OutputPythonModel = No
PythonModelType = Object
OutputROSSubspaces = No
OutputJSONModel = No
OutputDatabaseQueries = No
OutputClowdFlowsJSON = No
ComputeSpearman = No

Run: 01
*******

Statistics
----------

FTValue (FTest): 1.0
Induction Time: 7.7000e-2 sec
Pruning Time: 0 sec
Prediction Time (total for ClusModel.Original): 
	0 microsecs
	0 millisecs
	0 secs
Prediction Time (average for ClusModel.Original): 0 microsecs
Model information:
     Default: Nodes = 1; Leaves = 1; Depth = 1
     Forest with 10 trees: FOREST with 10 models (Total nodes: 44; leaves: 27; average tree depth: 2
                           7)

MultiLabelThresholds:
---------------------
Default
[5.0000e-1, 5.0000e-1, 5.0000e-1]

Forest with 10 trees
Tree 1: [5.0000e-1, 5.0000e-1, 5.0000e-1]
Tree 2: [5.0000e-1, 5.0000e-1, 5.0000e-1]
Tree 3: [5.0000e-1, 5.0000e-1, 5.0000e-1]
Tree 4: [5.0000e-1, 5.0000e-1, 5.0000e-1]
Tree 5: [5.0000e-1, 5.0000e-1, 5.0000e-1]
Tree 6: [5.0000e-1, 5.0000e-1, 5.0000e-1]
Tree 7: [5.0000e-1, 5.0000e-1, 5.0000e-1]
Tree 8: [5.0000e-1, 5.0000e-1, 5.0000e-1]
Tree 9: [5.0000e-1, 5.0000e-1, 5.0000e-1]
Tree 10: [5.0000e-1, 5.0000e-1, 5.0000e-1]


Training error
--------------

Number of examples: 8
Classification Error
   Default: 
   Attribute: y1_x1ANDx2
     REAL\PRED | 1 | 0 |
     ---------------------
             1 | 0 | 2 | 2
             0 | 0 | 6 | 6
     ---------------------
               | 0 | 8 | 8
     Accuracy: 7.500000e-1
     Cramer's coefficient: 0


   Attribute: y2_x1ORx2
     REAL\PRED | 1 | 0 |
     ---------------------
             1 | 6 | 0 | 6
             0 | 2 | 0 | 2
     ---------------------
               | 8 | 0 | 8
     Accuracy: 7.500000e-1
     Cramer's coefficient: 0


   Attribute: y3_x1XORx2
     REAL\PRED | 1 | 0 |
     ---------------------
             1 | 4 | 0 | 4
             0 | 4 | 0 | 4
     ---------------------
               | 8 | 0 | 8
     Accuracy: 5.000000e-1
     Cramer's coefficient: 0

   Forest with 10 trees: 
   Attribute: y1_x1ANDx2
     REAL\PRED | 1 | 0 |
     ---------------------
             1 | 2 | 0 | 2
             0 | 0 | 6 | 6
     ---------------------
               | 2 | 6 | 8
     Accuracy: 1
     Cramer's coefficient: 1


   Attribute: y2_x1ORx2
     REAL\PRED | 1 | 0 |
     ---------------------
             1 | 6 | 0 | 6
             0 | 0 | 2 | 2
     ---------------------
               | 6 | 2 | 8
     Accuracy: 1
     Cramer's coefficient: 1


   Attribute: y3_x1XORx2
     REAL\PRED | 1 | 0 |
     ---------------------
             1 | 4 | 0 | 4
             0 | 0 | 4 | 4
     ---------------------
               | 4 | 4 | 8
     Accuracy: 1
     Cramer's coefficient: 1

Weighted mean squared error (MSE) for Nominal Attributes (Weights [2.667,2.667,2])
   Default        : [1,1,1]: 1
   Forest with 10 trees : [1.5024,1.5054,1.2939]: 1.4339
HammingLoss
   Default        : 3.3333e-1
   Forest with 10 trees : 0
RankingLoss
   Default        : 1.2500e-1
   Forest with 10 trees : 0
OneError
   Default        : 2.5000e-1
   Forest with 10 trees : 0
Coverage
   Default        : 2.3333(label cardinality: 2)
   Forest with 10 trees : 2(label cardinality: 2)
AveragePrecision
   Default        : NaN
   Forest with 10 trees : NaN
MLAccuracy
   Default        : 5.8333e-1
   Forest with 10 trees : 1
MLPrecision
   Default        : 6.2500e-1
   Forest with 10 trees : 1
MLRecall
   Default        : 6.2500e-1
   Forest with 10 trees : 1
MLFOneMeasure
   Default        : 6.2500e-1
   Forest with 10 trees : 1
SubsetAccuracy
   Default        : 5.0000e-1
   Forest with 10 trees : 1
MacroPrecision
   Default        : [NaN, 7.5000e-1, 5.0000e-1]: NaN
   Forest with 10 trees : [1, 1, 1]: 1
MacroRecall
   Default        : [0, 1, 1]: 6.6667e-1
   Forest with 10 trees : [1, 1, 1]: 1
MacroFOne
   Default        : [NaN, 8.5714e-1, 6.6667e-1]: NaN
   Forest with 10 trees : [1, 1, 1]: 1
MicroPrecision
   Default        : 6.2500e-1
   Forest with 10 trees : 1
MicroRecall
   Default        : 8.3333e-1
   Forest with 10 trees : 1
MicroFOne
   Default        : 7.1429e-1
   Forest with 10 trees : 1
averageAUROC
   Default        : 5.000000e-1
   Forest with 10 trees : 1
averageAUPRC
   Default        : 5.000000e-1
   Forest with 10 trees : 1
weightedAUPRC
   Default        : 5.833333e-1
   Forest with 10 trees : 1
pooledAUPRC
   Default        : 6.924603e-1
   Forest with 10 trees : 1

Default Model
*************

[0,1,1] [6.0,6.0,4.0]: 8

Forest with 10 trees Model
**************************

Forest with 10 models

