Clus run example
****************

Date: 11/05/2023, 17:02
File: exampleSSL.out
Attributes: 6 (input: 3, output: 3)
Missing values: Yes

[General]
Verbose = 1
RandomSeed = 0
ResourceInfoLoaded = No
DoNotInduce = No
LoggingProperties = logging.properties

[Data]
File = example_ssl.arff
TestSet = None
PruneSet = None
XVal = 10
RemoveMissingTarget = No
NormalizeData = None

[Attributes]
Target = 4-6
Clustering = 1-6
Descriptive = 1-3
Key = None
Disable = None
Weights = Normalize
ClusteringWeights = 1.0
ReduceMemoryNominalAttrs = No
GIS = None

[Constraints]
Syntactic = None
MaxSize = Infinity
MaxError = 0.0
MaxDepth = Infinity

[Nominal]
MEstimate = 1.0

[Model]
MinimalWeight = 2.0
MinimalNumberExamples = 0
MinimalKnownWeight = 0.0
ParamTuneNumberFolds = 3
NominalSubsetTests = Yes
LoadFromModelFile = No

[Tree]
Heuristic = VarianceReduction
HeuristicComplexity = N2
SetDistance = GSMDistance
TupleDistance = Euclidean
TSDistance = DTW
PruningMethod = C45
FTest = 1.0
BinarySplit = Yes
ConvertToRules = No
AlternativeSplits = No
Optimize = []
MSENominal = No
SplitSampling = None
MissingClusteringAttrHandling = EstimateFromParentNode
MissingTargetAttrHandling = ParentNode
InductionOrder = DepthFirst
EntropyType = StandardEntropy
ConsiderUnlableInstancesInIGCalc = No
SpatialMatrix = Binary
SpatialMeasure = GlobalMoran
Bandwidth = 0.001
Longlat = No
NumNeightbours = 0.0
Alpha = 1.0
SplitPosition = Exact

[Multilabel]
MLCThreshold = 0.5
OptimizeThresholds = No
MultiLabelRankingMeasure = [HammingLoss]
ShowThresholds = Yes

[Ensemble]
Iterations = 10
TimeBudget = 0
EnsembleMethod = RForest
EnsembleBootstrapping = Undefined
VotingType = ProbabilityDistribution
SelectRandomSubspaces = SQRT
ROSTargetSubspaceSize = SQRT
ROSAlgorithmType = Disabled
ROSVotingType = SubspaceAveraging
PrintAllModels = No
PrintAllModelFiles = No
PrintAllModelInfo = No
PrintPaths = No
Optimize = No
OOBestimate = No
FeatureRanking = [Genie3]
FeatureRankingPerTarget = No
SymbolicWeight = 0.5
SortRankingByRelevance = Yes
WriteEnsemblePredictions = No
EnsembleRandomDepth = No
BagSelection = -1
BagSize = 0
NumberOfThreads = 1

[SemiSupervised]
SemiSupervisedMethod = PCT
StoppingCriteria = NoneAdded
UnlabeledCriteria = Threshold
ConfidenceThreshold = 0.8
ConfidenceMeasure = Variance
Iterations = 10
K = 5
UnlabeledData = 
PercentageLabeled = 5
UseWeights = No
AirbagTrials = 0
ExhaustiveSearchThresholds = [0.5,0.6,0.7,0.8,0.9,0.99]
OOBErrorCalculation = LabeledOnly
Normalization = MinMaxNormalization
Aggregation = Average
CalibrateHmcThreshold = No
PruningWhenTuning = No
InternalFolds = 5
WeightScoresFile = NO
PossibleWeights = [0.0,0.1,0.2,0.3,0.4,0.5,0.6,0.7,0.8,0.9,1.0]
IterationsSupervisionOptimisation = 0
ForceInternalXValOptimisation = No
ImputeMissingTargetValues = No
InternalFold = -1
ProceedToMain = Yes

[Output]
ShowModels = [Default, Pruned, Others]
TrainErrors = Yes
ValidErrors = Yes
TestErrors = Yes
AllFoldModels = Yes
AllFoldErrors = No
AllFoldDatasets = No
UnknownFrequency = No
BranchFrequency = No
ShowInfo = [Count]
PrintModelAndExamples = No
WriteErrorFile = No
WriteModelFile = No
WritePerBagModelFile = Yes
WriteOOBFile = No
WritePredictions = []
GzipOutput = No
ModelIDFiles = No
WriteCurves = No
OutputPythonModel = No
PythonModelType = Object
OutputROSSubspaces = No
OutputJSONModel = No
OutputDatabaseQueries = No
OutputClowdFlowsJSON = No
ComputeSpearman = No

Run: 01
*******

Statistics
----------

FTValue (FTest): 1.0
Induction Time: 3.9000e-2 sec
Pruning Time: 1.0000e-3 sec
Prediction Time (total for ClusModel.Original): 
	0 microsecs
	0 millisecs
	0 secs
Prediction Time (average for ClusModel.Original): 0 microsecs
Model information:
     Default: Nodes = 1; Leaves = 1; Depth = 1
     Original: Nodes = 3; Leaves = 2; Depth = 2
     Pruned: Nodes = 1; Leaves = 1; Depth = 1

MultiLabelThresholds:
---------------------
Default
[5.0000e-1, 5.0000e-1, 5.0000e-1]

Original
[5.0000e-1, 5.0000e-1, 5.0000e-1]

Pruned
[5.0000e-1, 5.0000e-1, 5.0000e-1]


Training error
--------------

Number of examples: 8
Classification Error
   Default: 
   Attribute: y1_x1ANDx2
     REAL\PRED | 1 | 0 | ? |
     -------------------------
             1 | 0 | 1 | 0 | 1
             0 | 0 | 3 | 0 | 3
             ? | 0 | 4 | 0 | 4
     -------------------------
               | 0 | 8 | 0 | 8
     Accuracy: 7.500000e-1
     Cramer's coefficient: 7.071068e-1


   Attribute: y2_x1ORx2
     REAL\PRED | 1 | 0 | ? |
     -------------------------
             1 | 5 | 0 | 0 | 5
             0 | 1 | 0 | 0 | 1
             ? | 2 | 0 | 0 | 2
     -------------------------
               | 8 | 0 | 0 | 8
     Accuracy: 8.333333e-1
     Cramer's coefficient: 2.886751e-1


   Attribute: y3_x1XORx2
     REAL\PRED | 1 | 0 | ? |
     -------------------------
             1 | 3 | 0 | 0 | 3
             0 | 2 | 0 | 0 | 2
             ? | 3 | 0 | 0 | 3
     -------------------------
               | 8 | 0 | 0 | 8
     Accuracy: 6.000000e-1
     Cramer's coefficient: 4.743416e-1

   Original: 
   Attribute: y1_x1ANDx2
     REAL\PRED | 1 | 0 | ? |
     -------------------------
             1 | 1 | 0 | 0 | 1
             0 | 1 | 2 | 0 | 3
             ? | 2 | 2 | 0 | 4
     -------------------------
               | 4 | 4 | 0 | 8
     Accuracy: 7.500000e-1
     Cramer's coefficient: 1.080123


   Attribute: y2_x1ORx2
     REAL\PRED | 1 | 0 | ? |
     -------------------------
             1 | 5 | 0 | 0 | 5
             0 | 1 | 0 | 0 | 1
             ? | 2 | 0 | 0 | 2
     -------------------------
               | 8 | 0 | 0 | 8
     Accuracy: 8.333333e-1
     Cramer's coefficient: 2.886751e-1


   Attribute: y3_x1XORx2
     REAL\PRED | 1 | 0 | ? |
     -------------------------
             1 | 3 | 0 | 0 | 3
             0 | 2 | 0 | 0 | 2
             ? | 3 | 0 | 0 | 3
     -------------------------
               | 8 | 0 | 0 | 8
     Accuracy: 6.000000e-1
     Cramer's coefficient: 4.743416e-1

   Pruned: 
   Attribute: y1_x1ANDx2
     REAL\PRED | 1 | 0 | ? |
     -------------------------
             1 | 0 | 1 | 0 | 1
             0 | 0 | 3 | 0 | 3
             ? | 0 | 4 | 0 | 4
     -------------------------
               | 0 | 8 | 0 | 8
     Accuracy: 7.500000e-1
     Cramer's coefficient: 7.071068e-1


   Attribute: y2_x1ORx2
     REAL\PRED | 1 | 0 | ? |
     -------------------------
             1 | 5 | 0 | 0 | 5
             0 | 1 | 0 | 0 | 1
             ? | 2 | 0 | 0 | 2
     -------------------------
               | 8 | 0 | 0 | 8
     Accuracy: 8.333333e-1
     Cramer's coefficient: 2.886751e-1


   Attribute: y3_x1XORx2
     REAL\PRED | 1 | 0 | ? |
     -------------------------
             1 | 3 | 0 | 0 | 3
             0 | 2 | 0 | 0 | 2
             ? | 3 | 0 | 0 | 3
     -------------------------
               | 8 | 0 | 0 | 8
     Accuracy: 6.000000e-1
     Cramer's coefficient: 4.743416e-1

Weighted mean squared error (MSE) for Nominal Attributes (Weights [2.667,3.6,2.083])
   Default        : [1.3333,1.4,1.0312]: 1.2549
   Original       : [1.3333,1.3,1.0127]: 1.2154
   Pruned         : [1.3333,1.4,1.0312]: 1.2549
HammingLoss
   Default        : 2.2222e-1
   Original       : 2.2222e-1
   Pruned         : 2.2222e-1
RankingLoss
   Default        : 6.2500e-2
   Original       : 6.2500e-2
   Pruned         : 6.2500e-2
OneError
   Default        : 1.6667e-1
   Original       : 1.6667e-1
   Pruned         : 1.6667e-1
Coverage
   Default        : 2(label cardinality: 1.8)
   Original       : 2(label cardinality: 1.8)
   Pruned         : 2(label cardinality: 1.8)
AveragePrecision
   Default        : NaN
   Original       : NaN
   Pruned         : NaN
MLAccuracy
   Default        : 7.2222e-1
   Original       : 7.2222e-1
   Pruned         : 7.2222e-1
MLPrecision
   Default        : 7.5000e-1
   Original       : 7.2222e-1
   Pruned         : 7.5000e-1
MLRecall
   Default        : 7.5000e-1
   Original       : 8.3333e-1
   Pruned         : 7.5000e-1
MLFOneMeasure
   Default        : 7.5000e-1
   Original       : 7.6667e-1
   Pruned         : 7.5000e-1
SubsetAccuracy
   Default        : 6.6667e-1
   Original       : 5.0000e-1
   Pruned         : 6.6667e-1
MacroPrecision
   Default        : [NaN, 8.3333e-1, 6.0000e-1]: NaN
   Original       : [5.0000e-1, 8.3333e-1, 6.0000e-1]: 6.4444e-1
   Pruned         : [NaN, 8.3333e-1, 6.0000e-1]: NaN
MacroRecall
   Default        : [0, 1, 1]: 6.6667e-1
   Original       : [1, 1, 1]: 1
   Pruned         : [0, 1, 1]: 6.6667e-1
MacroFOne
   Default        : [NaN, 9.0909e-1, 7.5000e-1]: NaN
   Original       : [6.6667e-1, 9.0909e-1, 7.5000e-1]: 7.7525e-1
   Pruned         : [NaN, 9.0909e-1, 7.5000e-1]: NaN
MicroPrecision
   Default        : 7.2727e-1
   Original       : 6.9231e-1
   Pruned         : 7.2727e-1
MicroRecall
   Default        : 8.8889e-1
   Original       : 1
   Pruned         : 8.8889e-1
MicroFOne
   Default        : 8.0000e-1
   Original       : 8.1818e-1
   Pruned         : 8.0000e-1
averageAUROC
   Default        : 5.000000e-1
   Original       : 7.388889e-1
   Pruned         : 5.000000e-1
averageAUPRC
   Default        : 5.611111e-1
   Original       : 7.055556e-1
   Pruned         : 5.611111e-1
weightedAUPRC
   Default        : 6.635314e-1
   Original       : 7.837184e-1
   Pruned         : 6.635314e-1
pooledAUPRC
   Default        : 7.936905e-1
   Original       : 8.748252e-1
   Pruned         : 7.936905e-1

Testing error
-------------

Number of examples: 0
Classification Error
   Default: 
   Attribute: y1_x1ANDx2
     REAL\PRED | 1 | 0 | ? |
     -------------------------
             1 | 0 | 0 | 0 | 0
             0 | 0 | 0 | 0 | 0
             ? | 0 | 0 | 0 | 0
     -------------------------
               | 0 | 0 | 0 | 0
     Accuracy: NaN
     Cramer's coefficient: NaN


   Attribute: y2_x1ORx2
     REAL\PRED | 1 | 0 | ? |
     -------------------------
             1 | 0 | 0 | 0 | 0
             0 | 0 | 0 | 0 | 0
             ? | 0 | 0 | 0 | 0
     -------------------------
               | 0 | 0 | 0 | 0
     Accuracy: NaN
     Cramer's coefficient: NaN


   Attribute: y3_x1XORx2
     REAL\PRED | 1 | 0 | ? |
     -------------------------
             1 | 0 | 0 | 0 | 0
             0 | 0 | 0 | 0 | 0
             ? | 0 | 0 | 0 | 0
     -------------------------
               | 0 | 0 | 0 | 0
     Accuracy: NaN
     Cramer's coefficient: NaN

   Original: 
   Attribute: y1_x1ANDx2
     REAL\PRED | 1 | 0 | ? |
     -------------------------
             1 | 0 | 0 | 0 | 0
             0 | 0 | 0 | 0 | 0
             ? | 0 | 0 | 0 | 0
     -------------------------
               | 0 | 0 | 0 | 0
     Accuracy: NaN
     Cramer's coefficient: NaN


   Attribute: y2_x1ORx2
     REAL\PRED | 1 | 0 | ? |
     -------------------------
             1 | 0 | 0 | 0 | 0
             0 | 0 | 0 | 0 | 0
             ? | 0 | 0 | 0 | 0
     -------------------------
               | 0 | 0 | 0 | 0
     Accuracy: NaN
     Cramer's coefficient: NaN


   Attribute: y3_x1XORx2
     REAL\PRED | 1 | 0 | ? |
     -------------------------
             1 | 0 | 0 | 0 | 0
             0 | 0 | 0 | 0 | 0
             ? | 0 | 0 | 0 | 0
     -------------------------
               | 0 | 0 | 0 | 0
     Accuracy: NaN
     Cramer's coefficient: NaN

   Pruned: 
   Attribute: y1_x1ANDx2
     REAL\PRED | 1 | 0 | ? |
     -------------------------
             1 | 0 | 0 | 0 | 0
             0 | 0 | 0 | 0 | 0
             ? | 0 | 0 | 0 | 0
     -------------------------
               | 0 | 0 | 0 | 0
     Accuracy: NaN
     Cramer's coefficient: NaN


   Attribute: y2_x1ORx2
     REAL\PRED | 1 | 0 | ? |
     -------------------------
             1 | 0 | 0 | 0 | 0
             0 | 0 | 0 | 0 | 0
             ? | 0 | 0 | 0 | 0
     -------------------------
               | 0 | 0 | 0 | 0
     Accuracy: NaN
     Cramer's coefficient: NaN


   Attribute: y3_x1XORx2
     REAL\PRED | 1 | 0 | ? |
     -------------------------
             1 | 0 | 0 | 0 | 0
             0 | 0 | 0 | 0 | 0
             ? | 0 | 0 | 0 | 0
     -------------------------
               | 0 | 0 | 0 | 0
     Accuracy: NaN
     Cramer's coefficient: NaN

Weighted mean squared error (MSE) for Nominal Attributes (Weights [2.667,3.6,2.083])
   Default        : [0,0,0]: 0
   Original       : [0,0,0]: 0
   Pruned         : [0,0,0]: 0
HammingLoss
   Default        : NaN
   Original       : NaN
   Pruned         : NaN
RankingLoss
   Default        : NaN
   Original       : NaN
   Pruned         : NaN
OneError
   Default        : NaN
   Original       : NaN
   Pruned         : NaN
Coverage
   Default        : NaN(label cardinality: NaN)
   Original       : NaN(label cardinality: NaN)
   Pruned         : NaN(label cardinality: NaN)
AveragePrecision
   Default        : NaN
   Original       : NaN
   Pruned         : NaN
MLAccuracy
   Default        : NaN
   Original       : NaN
   Pruned         : NaN
MLPrecision
   Default        : NaN
   Original       : NaN
   Pruned         : NaN
MLRecall
   Default        : NaN
   Original       : NaN
   Pruned         : NaN
MLFOneMeasure
   Default        : NaN
   Original       : NaN
   Pruned         : NaN
SubsetAccuracy
   Default        : NaN
   Original       : NaN
   Pruned         : NaN
MacroPrecision
   Default        : [NaN, NaN, NaN]: NaN
   Original       : [NaN, NaN, NaN]: NaN
   Pruned         : [NaN, NaN, NaN]: NaN
MacroRecall
   Default        : [NaN, NaN, NaN]: NaN
   Original       : [NaN, NaN, NaN]: NaN
   Pruned         : [NaN, NaN, NaN]: NaN
MacroFOne
   Default        : [NaN, NaN, NaN]: NaN
   Original       : [NaN, NaN, NaN]: NaN
   Pruned         : [NaN, NaN, NaN]: NaN
MicroPrecision
   Default        : NaN
   Original       : NaN
   Pruned         : NaN
MicroRecall
   Default        : NaN
   Original       : NaN
   Pruned         : NaN
MicroFOne
   Default        : NaN
   Original       : NaN
   Pruned         : NaN
averageAUROC
   Default        : 5.000000e-1
   Original       : 5.000000e-1
   Pruned         : 5.000000e-1
averageAUPRC
   Default        : 0
   Original       : 0
   Pruned         : 0
weightedAUPRC
   Default        : NaN
   Original       : NaN
   Pruned         : NaN
pooledAUPRC
   Default        : 0
   Original       : 0
   Pruned         : 0

Default Model
*************

[0,1,1] [3.0,5.0,3.0]: 8

Original Model
**************

x1 = 1
+--yes: [1,1,1] [1.0,3.0,2.0]: 4
+--no:  [0,1,1] [2.0,2.0,1.0]: 4

Pruned Model
************

[0,1,1] [3.0,5.0,3.0]: 8

